kotlin version: 2.0.21
error message: Incremental compilation failed: Failed to close caches
org.jetbrains.kotlin.incremental.CachesManagerCloseException: Failed to close caches
	at org.jetbrains.kotlin.incremental.BaseCompilationTransaction.closeCachesManager(CompilationTransaction.kt:126)
	at org.jetbrains.kotlin.incremental.RecoverableCompilationTransaction.close(CompilationTransaction.kt:251)
	at org.jetbrains.kotlin.incremental.IncrementalCompilerRunner.tryCompileIncrementally(IncrementalCompilerRunner.kt:747)
	at org.jetbrains.kotlin.incremental.IncrementalCompilerRunner.compile(IncrementalCompilerRunner.kt:120)
	at org.jetbrains.kotlin.daemon.CompileServiceImplBase.execIncrementalCompiler(CompileServiceImpl.kt:675)
	at org.jetbrains.kotlin.daemon.CompileServiceImplBase.access$execIncrementalCompiler(CompileServiceImpl.kt:92)
	at org.jetbrains.kotlin.daemon.CompileServiceImpl.compile(CompileServiceImpl.kt:1660)
	at java.base/jdk.internal.reflect.DirectMethodHandleAccessor.invoke(DirectMethodHandleAccessor.java:104)
	at java.base/java.lang.reflect.Method.invoke(Method.java:565)
	at java.rmi/sun.rmi.server.UnicastServerRef.dispatch(UnicastServerRef.java:351)
	at java.rmi/sun.rmi.transport.Transport.serviceCall(Transport.java:166)
	at java.rmi/sun.rmi.transport.tcp.TCPTransport.handleMessages(TCPTransport.java:543)
	at java.rmi/sun.rmi.transport.tcp.TCPTransport$ConnectionHandler.run0(TCPTransport.java:744)
	at java.rmi/sun.rmi.transport.tcp.TCPTransport$ConnectionHandler.run(TCPTransport.java:623)
	at java.base/java.util.concurrent.ThreadPoolExecutor.runWorker(ThreadPoolExecutor.java:1095)
	at java.base/java.util.concurrent.ThreadPoolExecutor$Worker.run(ThreadPoolExecutor.java:619)
	at java.base/java.lang.Thread.run(Thread.java:1447)
Caused by: java.lang.AssertionError: java.lang.Exception: Could not close incremental caches in D:\Documents\KotoBee\app\build\kotlin\compileDebugUnitTestKotlin\cacheable\caches-jvm\jvm\kotlin: class-attributes.tab, source-to-classes.tab
	at org.jetbrains.kotlin.com.google.common.io.Closer.close(Closer.java:236)
	at org.jetbrains.kotlin.incremental.IncrementalCachesManager.close(IncrementalCachesManager.kt:55)
	at org.jetbrains.kotlin.incremental.BaseCompilationTransaction.closeCachesManager(CompilationTransaction.kt:123)
	... 16 more
Caused by: java.lang.Exception: Could not close incremental caches in D:\Documents\KotoBee\app\build\kotlin\compileDebugUnitTestKotlin\cacheable\caches-jvm\jvm\kotlin: class-attributes.tab, source-to-classes.tab
	at org.jetbrains.kotlin.incremental.storage.BasicMapsOwner.forEachMapSafe(BasicMapsOwner.kt:95)
	at org.jetbrains.kotlin.incremental.storage.BasicMapsOwner.close(BasicMapsOwner.kt:53)
	at org.jetbrains.kotlin.com.google.common.io.Closer.close(Closer.java:223)
	... 18 more
	Suppressed: java.lang.IllegalStateException: Storage for [D:\Documents\KotoBee\app\build\kotlin\compileDebugUnitTestKotlin\cacheable\caches-jvm\jvm\kotlin\class-attributes.tab] is already registered
		at org.jetbrains.kotlin.com.intellij.util.io.FilePageCache.registerPagedFileStorage(FilePageCache.java:410)
		at org.jetbrains.kotlin.com.intellij.util.io.PagedFileStorage.<init>(PagedFileStorage.java:72)
		at org.jetbrains.kotlin.com.intellij.util.io.ResizeableMappedFile.<init>(ResizeableMappedFile.java:55)
		at org.jetbrains.kotlin.com.intellij.util.io.PersistentBTreeEnumerator.<init>(PersistentBTreeEnumerator.java:128)
		at org.jetbrains.kotlin.com.intellij.util.io.PersistentEnumerator.createDefaultEnumerator(PersistentEnumerator.java:52)
		at org.jetbrains.kotlin.com.intellij.util.io.PersistentMapImpl.<init>(PersistentMapImpl.java:165)
		at org.jetbrains.kotlin.com.intellij.util.io.PersistentMapImpl.<init>(PersistentMapImpl.java:140)
		at org.jetbrains.kotlin.com.intellij.util.io.PersistentMapBuilder.buildImplementation(PersistentMapBuilder.java:88)
		at org.jetbrains.kotlin.com.intellij.util.io.PersistentMapBuilder.build(PersistentMapBuilder.java:71)
		at org.jetbrains.kotlin.com.intellij.util.io.PersistentHashMap.<init>(PersistentHashMap.java:45)
		at org.jetbrains.kotlin.com.intellij.util.io.PersistentHashMap.<init>(PersistentHashMap.java:71)
		at org.jetbrains.kotlin.incremental.storage.LazyStorage.createMap(LazyStorage.kt:62)
		at org.jetbrains.kotlin.incremental.storage.LazyStorage.getStorageOrCreateNew(LazyStorage.kt:59)
		at org.jetbrains.kotlin.incremental.storage.LazyStorage.set(LazyStorage.kt:80)
		at org.jetbrains.kotlin.incremental.storage.InMemoryStorage.applyChanges(InMemoryStorage.kt:108)
		at org.jetbrains.kotlin.incremental.storage.InMemoryStorage.close(InMemoryStorage.kt:136)
		at org.jetbrains.kotlin.incremental.storage.PersistentStorageWrapper.close(PersistentStorage.kt:111)
		at org.jetbrains.kotlin.incremental.storage.BasicMapsOwner$close$1.invoke(BasicMapsOwner.kt:53)
		at org.jetbrains.kotlin.incremental.storage.BasicMapsOwner$close$1.invoke(BasicMapsOwner.kt:53)
		at org.jetbrains.kotlin.incremental.storage.BasicMapsOwner.forEachMapSafe(BasicMapsOwner.kt:87)
		... 20 more
		Suppressed: java.lang.Exception: Storage[D:\Documents\KotoBee\app\build\kotlin\compileDebugUnitTestKotlin\cacheable\caches-jvm\jvm\kotlin\class-attributes.tab] registration stack trace
			at org.jetbrains.kotlin.com.intellij.util.io.FilePageCache.registerPagedFileStorage(FilePageCache.java:437)
			at org.jetbrains.kotlin.com.intellij.util.io.PagedFileStorage.<init>(PagedFileStorage.java:72)
			at org.jetbrains.kotlin.com.intellij.util.io.ResizeableMappedFile.<init>(ResizeableMappedFile.java:55)
			at org.jetbrains.kotlin.com.intellij.util.io.PersistentBTreeEnumerator.<init>(PersistentBTreeEnumerator.java:128)
			at org.jetbrains.kotlin.com.intellij.util.io.PersistentEnumerator.createDefaultEnumerator(PersistentEnumerator.java:52)
			at org.jetbrains.kotlin.com.intellij.util.io.PersistentMapImpl.<init>(PersistentMapImpl.java:165)
			at org.jetbrains.kotlin.com.intellij.util.io.PersistentMapImpl.<init>(PersistentMapImpl.java:140)
			at org.jetbrains.kotlin.com.intellij.util.io.PersistentMapBuilder.buildImplementation(PersistentMapBuilder.java:88)
			at org.jetbrains.kotlin.com.intellij.util.io.PersistentMapBuilder.build(PersistentMapBuilder.java:71)
			at org.jetbrains.kotlin.com.intellij.util.io.PersistentHashMap.<init>(PersistentHashMap.java:45)
			at org.jetbrains.kotlin.com.intellij.util.io.PersistentHashMap.<init>(PersistentHashMap.java:71)
			at org.jetbrains.kotlin.incremental.storage.LazyStorage.createMap(LazyStorage.kt:62)
			at org.jetbrains.kotlin.incremental.storage.LazyStorage.getStorageOrCreateNew(LazyStorage.kt:59)
			at org.jetbrains.kotlin.incremental.storage.LazyStorage.set(LazyStorage.kt:80)
			at org.jetbrains.kotlin.incremental.storage.InMemoryStorage.applyChanges(InMemoryStorage.kt:108)
			at org.jetbrains.kotlin.incremental.storage.InMemoryStorage.close(InMemoryStorage.kt:136)
			at org.jetbrains.kotlin.incremental.storage.PersistentStorageWrapper.close(PersistentStorage.kt:111)
			at org.jetbrains.kotlin.incremental.storage.BasicMapsOwner$close$1.invoke(BasicMapsOwner.kt:53)
			at org.jetbrains.kotlin.incremental.storage.BasicMapsOwner$close$1.invoke(BasicMapsOwner.kt:53)
			at org.jetbrains.kotlin.incremental.storage.BasicMapsOwner.forEachMapSafe(BasicMapsOwner.kt:87)
			at org.jetbrains.kotlin.incremental.storage.BasicMapsOwner.close(BasicMapsOwner.kt:53)
			at org.jetbrains.kotlin.com.google.common.io.Closer.close(Closer.java:223)
			at org.jetbrains.kotlin.incremental.IncrementalCachesManager.close(IncrementalCachesManager.kt:55)
			at kotlin.io.CloseableKt.closeFinally(Closeable.kt:56)
			at org.jetbrains.kotlin.incremental.IncrementalCompilerRunner.compileNonIncrementally(IncrementalCompilerRunner.kt:293)
			at org.jetbrains.kotlin.incremental.IncrementalCompilerRunner.compile(IncrementalCompilerRunner.kt:148)
			... 13 more
	Suppressed: java.lang.IllegalStateException: Storage for [D:\Documents\KotoBee\app\build\kotlin\compileDebugUnitTestKotlin\cacheable\caches-jvm\jvm\kotlin\source-to-classes.tab] is already registered
		at org.jetbrains.kotlin.com.intellij.util.io.FilePageCache.registerPagedFileStorage(FilePageCache.java:410)
		at org.jetbrains.kotlin.com.intellij.util.io.PagedFileStorage.<init>(PagedFileStorage.java:72)
		at org.jetbrains.kotlin.com.intellij.util.io.ResizeableMappedFile.<init>(ResizeableMappedFile.java:55)
		at org.jetbrains.kotlin.com.intellij.util.io.PersistentBTreeEnumerator.<init>(PersistentBTreeEnumerator.java:128)
		at org.jetbrains.kotlin.com.intellij.util.io.PersistentEnumerator.createDefaultEnumerator(PersistentEnumerator.java:52)
		at org.jetbrains.kotlin.com.intellij.util.io.PersistentMapImpl.<init>(PersistentMapImpl.java:165)
		at org.jetbrains.kotlin.com.intellij.util.io.PersistentMapImpl.<init>(PersistentMapImpl.java:140)
		at org.jetbrains.kotlin.com.intellij.util.io.PersistentMapBuilder.buildImplementation(PersistentMapBuilder.java:88)
		at org.jetbrains.kotlin.com.intellij.util.io.PersistentMapBuilder.build(PersistentMapBuilder.java:71)
		at org.jetbrains.kotlin.com.intellij.util.io.PersistentHashMap.<init>(PersistentHashMap.java:45)
		at org.jetbrains.kotlin.com.intellij.util.io.PersistentHashMap.<init>(PersistentHashMap.java:71)
		at org.jetbrains.kotlin.incremental.storage.LazyStorage.createMap(LazyStorage.kt:62)
		at org.jetbrains.kotlin.incremental.storage.LazyStorage.getStorageOrCreateNew(LazyStorage.kt:59)
		at org.jetbrains.kotlin.incremental.storage.LazyStorage.set(LazyStorage.kt:80)
		at org.jetbrains.kotlin.incremental.storage.InMemoryStorage.applyChanges(InMemoryStorage.kt:108)
		at org.jetbrains.kotlin.incremental.storage.AppendableInMemoryStorage.applyChanges(InMemoryStorage.kt:179)
		at org.jetbrains.kotlin.incremental.storage.InMemoryStorage.close(InMemoryStorage.kt:136)
		at org.jetbrains.kotlin.incremental.storage.AppendableSetBasicMap.close(BasicMap.kt:157)
		at org.jetbrains.kotlin.incremental.storage.BasicMapsOwner$close$1.invoke(BasicMapsOwner.kt:53)
		at org.jetbrains.kotlin.incremental.storage.BasicMapsOwner$close$1.invoke(BasicMapsOwner.kt:53)
		at org.jetbrains.kotlin.incremental.storage.BasicMapsOwner.forEachMapSafe(BasicMapsOwner.kt:87)
		... 20 more
		Suppressed: java.lang.Exception: Storage[D:\Documents\KotoBee\app\build\kotlin\compileDebugUnitTestKotlin\cacheable\caches-jvm\jvm\kotlin\source-to-classes.tab] registration stack trace
			at org.jetbrains.kotlin.com.intellij.util.io.FilePageCache.registerPagedFileStorage(FilePageCache.java:437)
			at org.jetbrains.kotlin.com.intellij.util.io.PagedFileStorage.<init>(PagedFileStorage.java:72)
			at org.jetbrains.kotlin.com.intellij.util.io.ResizeableMappedFile.<init>(ResizeableMappedFile.java:55)
			at org.jetbrains.kotlin.com.intellij.util.io.PersistentBTreeEnumerator.<init>(PersistentBTreeEnumerator.java:128)
			at org.jetbrains.kotlin.com.intellij.util.io.PersistentEnumerator.createDefaultEnumerator(PersistentEnumerator.java:52)
			at org.jetbrains.kotlin.com.intellij.util.io.PersistentMapImpl.<init>(PersistentMapImpl.java:165)
			at org.jetbrains.kotlin.com.intellij.util.io.PersistentMapImpl.<init>(PersistentMapImpl.java:140)
			at org.jetbrains.kotlin.com.intellij.util.io.PersistentMapBuilder.buildImplementation(PersistentMapBuilder.java:88)
			at org.jetbrains.kotlin.com.intellij.util.io.PersistentMapBuilder.build(PersistentMapBuilder.java:71)
			at org.jetbrains.kotlin.com.intellij.util.io.PersistentHashMap.<init>(PersistentHashMap.java:45)
			at org.jetbrains.kotlin.com.intellij.util.io.PersistentHashMap.<init>(PersistentHashMap.java:71)
			at org.jetbrains.kotlin.incremental.storage.LazyStorage.createMap(LazyStorage.kt:62)
			at org.jetbrains.kotlin.incremental.storage.LazyStorage.getStorageOrCreateNew(LazyStorage.kt:59)
			at org.jetbrains.kotlin.incremental.storage.LazyStorage.set(LazyStorage.kt:80)
			at org.jetbrains.kotlin.incremental.storage.InMemoryStorage.applyChanges(InMemoryStorage.kt:108)
			at org.jetbrains.kotlin.incremental.storage.AppendableInMemoryStorage.applyChanges(InMemoryStorage.kt:179)
			at org.jetbrains.kotlin.incremental.storage.InMemoryStorage.close(InMemoryStorage.kt:136)
			at org.jetbrains.kotlin.incremental.storage.AppendableSetBasicMap.close(BasicMap.kt:157)
			at org.jetbrains.kotlin.incremental.storage.BasicMapsOwner$close$1.invoke(BasicMapsOwner.kt:53)
			at org.jetbrains.kotlin.incremental.storage.BasicMapsOwner$close$1.invoke(BasicMapsOwner.kt:53)
			at org.jetbrains.kotlin.incremental.storage.BasicMapsOwner.forEachMapSafe(BasicMapsOwner.kt:87)
			at org.jetbrains.kotlin.incremental.storage.BasicMapsOwner.close(BasicMapsOwner.kt:53)
			at org.jetbrains.kotlin.com.google.common.io.Closer.close(Closer.java:223)
			at org.jetbrains.kotlin.incremental.IncrementalCachesManager.close(IncrementalCachesManager.kt:55)
			at kotlin.io.CloseableKt.closeFinally(Closeable.kt:56)
			at org.jetbrains.kotlin.incremental.IncrementalCompilerRunner.compileNonIncrementally(IncrementalCompilerRunner.kt:293)
			at org.jetbrains.kotlin.incremental.IncrementalCompilerRunner.compile(IncrementalCompilerRunner.kt:148)
			... 13 more
	Suppressed: java.lang.Exception: Could not close incremental caches in D:\Documents\KotoBee\app\build\kotlin\compileDebugUnitTestKotlin\cacheable\caches-jvm\inputs: source-to-output.tab
		... 21 more
		Suppressed: java.lang.IllegalStateException: Storage for [D:\Documents\KotoBee\app\build\kotlin\compileDebugUnitTestKotlin\cacheable\caches-jvm\inputs\source-to-output.tab] is already registered
			at org.jetbrains.kotlin.com.intellij.util.io.FilePageCache.registerPagedFileStorage(FilePageCache.java:410)
			at org.jetbrains.kotlin.com.intellij.util.io.PagedFileStorage.<init>(PagedFileStorage.java:72)
			at org.jetbrains.kotlin.com.intellij.util.io.ResizeableMappedFile.<init>(ResizeableMappedFile.java:55)
			at org.jetbrains.kotlin.com.intellij.util.io.PersistentBTreeEnumerator.<init>(PersistentBTreeEnumerator.java:128)
			at org.jetbrains.kotlin.com.intellij.util.io.PersistentEnumerator.createDefaultEnumerator(PersistentEnumerator.java:52)
			at org.jetbrains.kotlin.com.intellij.util.io.PersistentMapImpl.<init>(PersistentMapImpl.java:165)
			at org.jetbrains.kotlin.com.intellij.util.io.PersistentMapImpl.<init>(PersistentMapImpl.java:140)
			at org.jetbrains.kotlin.com.intellij.util.io.PersistentMapBuilder.buildImplementation(PersistentMapBuilder.java:88)
			at org.jetbrains.kotlin.com.intellij.util.io.PersistentMapBuilder.build(PersistentMapBuilder.java:71)
			at org.jetbrains.kotlin.com.intellij.util.io.PersistentHashMap.<init>(PersistentHashMap.java:45)
			at org.jetbrains.kotlin.com.intellij.util.io.PersistentHashMap.<init>(PersistentHashMap.java:71)
			at org.jetbrains.kotlin.incremental.storage.LazyStorage.createMap(LazyStorage.kt:62)
			at org.jetbrains.kotlin.incremental.storage.LazyStorage.getStorageOrCreateNew(LazyStorage.kt:59)
			at org.jetbrains.kotlin.incremental.storage.LazyStorage.set(LazyStorage.kt:80)
			at org.jetbrains.kotlin.incremental.storage.InMemoryStorage.applyChanges(InMemoryStorage.kt:108)
			at org.jetbrains.kotlin.incremental.storage.AppendableInMemoryStorage.applyChanges(InMemoryStorage.kt:179)
			at org.jetbrains.kotlin.incremental.storage.InMemoryStorage.close(InMemoryStorage.kt:136)
			at org.jetbrains.kotlin.incremental.storage.AppendableSetBasicMap.close(BasicMap.kt:157)
			at org.jetbrains.kotlin.incremental.storage.BasicMapsOwner$close$1.invoke(BasicMapsOwner.kt:53)
			at org.jetbrains.kotlin.incremental.storage.BasicMapsOwner$close$1.invoke(BasicMapsOwner.kt:53)
			at org.jetbrains.kotlin.incremental.storage.BasicMapsOwner.forEachMapSafe(BasicMapsOwner.kt:87)
			... 20 more
			Suppressed: java.lang.Exception: Storage[D:\Documents\KotoBee\app\build\kotlin\compileDebugUnitTestKotlin\cacheable\caches-jvm\inputs\source-to-output.tab] registration stack trace
				at org.jetbrains.kotlin.com.intellij.util.io.FilePageCache.registerPagedFileStorage(FilePageCache.java:437)
				at org.jetbrains.kotlin.com.intellij.util.io.PagedFileStorage.<init>(PagedFileStorage.java:72)
				at org.jetbrains.kotlin.com.intellij.util.io.ResizeableMappedFile.<init>(ResizeableMappedFile.java:55)
				at org.jetbrains.kotlin.com.intellij.util.io.PersistentBTreeEnumerator.<init>(PersistentBTreeEnumerator.java:128)
				at org.jetbrains.kotlin.com.intellij.util.io.PersistentEnumerator.createDefaultEnumerator(PersistentEnumerator.java:52)
				at org.jetbrains.kotlin.com.intellij.util.io.PersistentMapImpl.<init>(PersistentMapImpl.java:165)
				at org.jetbrains.kotlin.com.intellij.util.io.PersistentMapImpl.<init>(PersistentMapImpl.java:140)
				at org.jetbrains.kotlin.com.intellij.util.io.PersistentMapBuilder.buildImplementation(PersistentMapBuilder.java:88)
				at org.jetbrains.kotlin.com.intellij.util.io.PersistentMapBuilder.build(PersistentMapBuilder.java:71)
				at org.jetbrains.kotlin.com.intellij.util.io.PersistentHashMap.<init>(PersistentHashMap.java:45)
				at org.jetbrains.kotlin.com.intellij.util.io.PersistentHashMap.<init>(PersistentHashMap.java:71)
				at org.jetbrains.kotlin.incremental.storage.LazyStorage.createMap(LazyStorage.kt:62)
				at org.jetbrains.kotlin.incremental.storage.LazyStorage.getStorageOrCreateNew(LazyStorage.kt:59)
				at org.jetbrains.kotlin.incremental.storage.LazyStorage.set(LazyStorage.kt:80)
				at org.jetbrains.kotlin.incremental.storage.InMemoryStorage.applyChanges(InMemoryStorage.kt:108)
				at org.jetbrains.kotlin.incremental.storage.AppendableInMemoryStorage.applyChanges(InMemoryStorage.kt:179)
				at org.jetbrains.kotlin.incremental.storage.InMemoryStorage.close(InMemoryStorage.kt:136)
				at org.jetbrains.kotlin.incremental.storage.AppendableSetBasicMap.close(BasicMap.kt:157)
				at org.jetbrains.kotlin.incremental.storage.BasicMapsOwner$close$1.invoke(BasicMapsOwner.kt:53)
				at org.jetbrains.kotlin.incremental.storage.BasicMapsOwner$close$1.invoke(BasicMapsOwner.kt:53)
				at org.jetbrains.kotlin.incremental.storage.BasicMapsOwner.forEachMapSafe(BasicMapsOwner.kt:87)
				at org.jetbrains.kotlin.incremental.storage.BasicMapsOwner.close(BasicMapsOwner.kt:53)
				at org.jetbrains.kotlin.com.google.common.io.Closer.close(Closer.java:223)
				at org.jetbrains.kotlin.incremental.IncrementalCachesManager.close(IncrementalCachesManager.kt:55)
				at kotlin.io.CloseableKt.closeFinally(Closeable.kt:56)
				at org.jetbrains.kotlin.incremental.IncrementalCompilerRunner.compileNonIncrementally(IncrementalCompilerRunner.kt:293)
				at org.jetbrains.kotlin.incremental.IncrementalCompilerRunner.compile(IncrementalCompilerRunner.kt:148)
				... 13 more


